<?xml version="1.0" encoding="UTF-8"?>
<!-- Generated by org.testng.reporters.JUnitXMLReporter -->
<testsuite ignored="0" hostname="DESKTOP-13EDC9F" failures="0" tests="9" name="API-UserPost Delete" time="16.739" errors="0" timestamp="2025-08-29T13:24:44 IST">
  <testcase classname="api.test.UserTestsDDT" name="userTestsCreateDDT" time="4.486"/>
  <testcase classname="api.test.UserTestsDDT" name="userTestsCreateDDT" time="1.214"/>
  <testcase classname="api.test.UserTestsDDT" name="userTestsCreateDDT" time="1.198"/>
  <testcase classname="api.test.UserTestsDDT" name="getUserTestDDT" time="1.238"/>
  <testcase classname="api.test.UserTestsDDT" name="getUserTestDDT" time="1.209"/>
  <testcase classname="api.test.UserTestsDDT" name="getUserTestDDT" time="1.87"/>
  <testcase classname="api.test.UserTestsDDT" name="userTestDeleteDDT" time="1.201"/>
  <testcase classname="api.test.UserTestsDDT" name="userTestDeleteDDT" time="1.204"/>
  <testcase classname="api.test.UserTestsDDT" name="userTestDeleteDDT" time="1.236"/>
</testsuite> <!-- API-UserPost Delete -->
